Using pre-set license

 COMMAND LINE ARGUMENTS:
/Applications/Unity/Hub/Editor/2021.1.7f1/Unity.app/Contents/MacOS/Unity
-adb2
-batchMode
-noUpm
-name
AssetImportWorker0
-projectPath
/Users/fumiya/Documents/butterfly/New Unity Project
-logFile
Logs/AssetImportWorker0.log
-srvPort
58207
Successfully changed project path to: /Users/fumiya/Documents/butterfly/New Unity Project
/Users/fumiya/Documents/butterfly/New Unity Project
Using Asset Import Pipeline V2.
Refreshing native plugins compatible for Editor in 92.91 ms, found 2 plugins.
Preloading 0 native plugins for Editor in 0.00 ms.
Initialize engine version: 2021.1.7f1 (d91830b65d9b)
[Subsystems] Discovering subsystems at path /Applications/Unity/Hub/Editor/2021.1.7f1/Unity.app/Contents/Resources/UnitySubsystems
[Subsystems] Discovering subsystems at path /Users/fumiya/Documents/butterfly/New Unity Project/Assets
GfxDevice: creating device client; threaded=0; jobified=0
2021-09-20 12:04:16.949 Unity[11863:15609164] (null) preferred device: Apple M1 (high power)
2021-09-20 12:04:16.949 Unity[11863:15609164] Metal devices available: 1
2021-09-20 12:04:16.949 Unity[11863:15609164] 0: Apple M1 (high power)
2021-09-20 12:04:16.952 Unity[11863:15609164] Using device Apple M1 (high power)
Initializing Metal device caps: Apple M1
Initialize mono
Mono path[0] = '/Applications/Unity/Hub/Editor/2021.1.7f1/Unity.app/Contents/Managed'
Mono path[1] = '/Applications/Unity/Hub/Editor/2021.1.7f1/Unity.app/Contents/MonoBleedingEdge/lib/mono/unityjit'
Mono config path = '/Applications/Unity/Hub/Editor/2021.1.7f1/Unity.app/Contents/MonoBleedingEdge/etc'
Using monoOptions --debugger-agent=transport=dt_socket,embedding=1,server=y,suspend=n,address=127.0.0.1:56863
Begin MonoManager ReloadAssembly
Registering precompiled unity dll's ...
Register platform support module: /Applications/Unity/Hub/Editor/2021.1.7f1/Unity.app/Contents/PlaybackEngines/MacStandaloneSupport/UnityEditor.OSXStandalone.Extensions.dll
Registered in 0.001484 seconds.
Native extension for OSXStandalone target not found
Refreshing native plugins compatible for Editor in 94.94 ms, found 2 plugins.
Preloading 0 native plugins for Editor in 0.00 ms.
Mono: successfully reloaded assembly
- Completed reload, in  2.633 seconds
Platform modules already initialized, skipping
Registering precompiled user dll's ...
Registered in 0.002362 seconds.
Begin MonoManager ReloadAssembly
Symbol file LoadedFromMemory doesn't match image /Users/fumiya/Documents/butterfly/New Unity Project/Library/PackageCache/com.unity.visualscripting@1.6.1/Editor/VisualScripting.Core/Dependencies/YamlDotNet/Unity.VisualScripting.YamlDotNet.dll
Symbol file LoadedFromMemory doesn't match image /Users/fumiya/Documents/butterfly/New Unity Project/Library/PackageCache/com.unity.visualscripting@1.6.1/Editor/VisualScripting.Core/Dependencies/DotNetZip/Unity.VisualScripting.IonicZip.dll
Native extension for OSXStandalone target not found
Refreshing native plugins compatible for Editor in 92.73 ms, found 2 plugins.
Preloading 0 native plugins for Editor in 0.00 ms.
Mono: successfully reloaded assembly
- Completed reload, in  2.205 seconds
Platform modules already initialized, skipping
========================================================================
Worker process is ready to serve import requests
Launching external process: /Applications/Unity/Hub/Editor/2021.1.7f1/Unity.app/Contents/Tools/UnityShaderCompiler
Launched and connected shader compiler UnityShaderCompiler after 0.03 seconds
Refreshing native plugins compatible for Editor in 0.60 ms, found 2 plugins.
Preloading 0 native plugins for Editor in 0.00 ms.
Unloading 3371 Unused Serialized files (Serialized files now loaded: 0)
System memory in use before: 202.9 MB.
System memory in use after: 203.0 MB.

Unloading 28 unused Assets to reduce memory usage. Loaded Objects now: 3824.
Total: 2.102541 ms (FindLiveObjects: 0.172292 ms CreateObjectMapping: 0.075292 ms MarkObjects: 1.734417 ms  DeleteObjects: 0.119666 ms)

========================================================================
Received Import Request.
  path: Assets/Scenes
  artifactKey: Guid(1067e137c51c94fa38b76e2e3e3fdc17) Importer(815301076,1909f56bfc062723c751e8b465ee728b)
Start importing Assets/Scenes using Guid(1067e137c51c94fa38b76e2e3e3fdc17) Importer(815301076,1909f56bfc062723c751e8b465ee728b)  -> (artifact id: '3412e60b0363cf7b1467f9411062abce') in 0.007542 seconds 
========================================================================
Received Import Request.
  Time since last request: 10.635024 seconds.
  path: Assets/Scenes/Title.unity
  artifactKey: Guid(c583ca93890e24e67aa506e8caccf2e4) Importer(815301076,1909f56bfc062723c751e8b465ee728b)
Start importing Assets/Scenes/Title.unity using Guid(c583ca93890e24e67aa506e8caccf2e4) Importer(815301076,1909f56bfc062723c751e8b465ee728b)  -> (artifact id: '64d788e8638e22a48f926b621d27bcb4') in 0.015588 seconds 
========================================================================
Received Import Request.
  Time since last request: 30.307071 seconds.
  path: Assets/Scenes/SampleScene.unity
  artifactKey: Guid(2cda990e2423bbf4892e6590ba056729) Importer(815301076,1909f56bfc062723c751e8b465ee728b)
Start importing Assets/Scenes/SampleScene.unity using Guid(2cda990e2423bbf4892e6590ba056729) Importer(815301076,1909f56bfc062723c751e8b465ee728b)  -> (artifact id: 'aa27944bdea339c97c39027c7eea529c') in 0.002603 seconds 
========================================================================
Received Prepare
Registering precompiled user dll's ...
Registered in 0.002510 seconds.
Begin MonoManager ReloadAssembly
Symbol file LoadedFromMemory doesn't match image /Users/fumiya/Documents/butterfly/New Unity Project/Library/PackageCache/com.unity.visualscripting@1.6.1/Editor/VisualScripting.Core/Dependencies/YamlDotNet/Unity.VisualScripting.YamlDotNet.dll
Symbol file LoadedFromMemory doesn't match image /Users/fumiya/Documents/butterfly/New Unity Project/Library/PackageCache/com.unity.visualscripting@1.6.1/Editor/VisualScripting.Core/Dependencies/DotNetZip/Unity.VisualScripting.IonicZip.dll
Native extension for OSXStandalone target not found
Refreshing native plugins compatible for Editor in 0.59 ms, found 2 plugins.
Preloading 0 native plugins for Editor in 0.00 ms.
Mono: successfully reloaded assembly
- Completed reload, in  1.960 seconds
Platform modules already initialized, skipping
Refreshing native plugins compatible for Editor in 0.80 ms, found 2 plugins.
Preloading 0 native plugins for Editor in 0.00 ms.
Unloading 3366 Unused Serialized files (Serialized files now loaded: 0)
System memory in use before: 204.9 MB.
System memory in use after: 205.0 MB.

Unloading 16 unused Assets to reduce memory usage. Loaded Objects now: 3828.
Total: 1.756625 ms (FindLiveObjects: 0.168250 ms CreateObjectMapping: 0.083083 ms MarkObjects: 1.416167 ms  DeleteObjects: 0.088292 ms)

========================================================================
Received Prepare
Registering precompiled user dll's ...
Registered in 0.001002 seconds.
Begin MonoManager ReloadAssembly
Symbol file LoadedFromMemory doesn't match image /Users/fumiya/Documents/butterfly/New Unity Project/Library/PackageCache/com.unity.visualscripting@1.6.1/Editor/VisualScripting.Core/Dependencies/YamlDotNet/Unity.VisualScripting.YamlDotNet.dll
Symbol file LoadedFromMemory doesn't match image /Users/fumiya/Documents/butterfly/New Unity Project/Library/PackageCache/com.unity.visualscripting@1.6.1/Editor/VisualScripting.Core/Dependencies/DotNetZip/Unity.VisualScripting.IonicZip.dll
Native extension for OSXStandalone target not found
Refreshing native plugins compatible for Editor in 0.58 ms, found 2 plugins.
Preloading 0 native plugins for Editor in 0.00 ms.
Mono: successfully reloaded assembly
- Completed reload, in  2.055 seconds
Platform modules already initialized, skipping
Refreshing native plugins compatible for Editor in 0.65 ms, found 2 plugins.
Preloading 0 native plugins for Editor in 0.00 ms.
Unloading 3366 Unused Serialized files (Serialized files now loaded: 0)
System memory in use before: 205.2 MB.
System memory in use after: 205.3 MB.

Unloading 16 unused Assets to reduce memory usage. Loaded Objects now: 3832.
Total: 1.704792 ms (FindLiveObjects: 0.142208 ms CreateObjectMapping: 0.073250 ms MarkObjects: 1.404667 ms  DeleteObjects: 0.083917 ms)

========================================================================
Received Import Request.
  Time since last request: 4534.075507 seconds.
  path: Assets/Scenes/GameSystem.cs
  artifactKey: Guid(40c8e801574694b739fccfc75691517d) Importer(815301076,1909f56bfc062723c751e8b465ee728b)
Start importing Assets/Scenes/GameSystem.cs using Guid(40c8e801574694b739fccfc75691517d) Importer(815301076,1909f56bfc062723c751e8b465ee728b)  -> (artifact id: 'abd3014b92f10f696a029f9c3fd90d81') in 1.563512 seconds 
========================================================================
Received Prepare
Registering precompiled user dll's ...
Registered in 0.001696 seconds.
Begin MonoManager ReloadAssembly
Symbol file LoadedFromMemory doesn't match image /Users/fumiya/Documents/butterfly/New Unity Project/Library/PackageCache/com.unity.visualscripting@1.6.1/Editor/VisualScripting.Core/Dependencies/YamlDotNet/Unity.VisualScripting.YamlDotNet.dll
Symbol file LoadedFromMemory doesn't match image /Users/fumiya/Documents/butterfly/New Unity Project/Library/PackageCache/com.unity.visualscripting@1.6.1/Editor/VisualScripting.Core/Dependencies/DotNetZip/Unity.VisualScripting.IonicZip.dll
Native extension for OSXStandalone target not found
Refreshing native plugins compatible for Editor in 0.60 ms, found 2 plugins.
Preloading 0 native plugins for Editor in 0.00 ms.
Mono: successfully reloaded assembly
- Completed reload, in  2.031 seconds
Platform modules already initialized, skipping
Refreshing native plugins compatible for Editor in 0.61 ms, found 2 plugins.
Preloading 0 native plugins for Editor in 0.00 ms.
Unloading 3367 Unused Serialized files (Serialized files now loaded: 0)
System memory in use before: 209.9 MB.
System memory in use after: 210.0 MB.

Unloading 16 unused Assets to reduce memory usage. Loaded Objects now: 3837.
Total: 1.672292 ms (FindLiveObjects: 0.127250 ms CreateObjectMapping: 0.070375 ms MarkObjects: 1.386417 ms  DeleteObjects: 0.087250 ms)

========================================================================
Received Prepare
Registering precompiled user dll's ...
Registered in 0.002411 seconds.
Begin MonoManager ReloadAssembly
Symbol file LoadedFromMemory doesn't match image /Users/fumiya/Documents/butterfly/New Unity Project/Library/PackageCache/com.unity.visualscripting@1.6.1/Editor/VisualScripting.Core/Dependencies/YamlDotNet/Unity.VisualScripting.YamlDotNet.dll
Symbol file LoadedFromMemory doesn't match image /Users/fumiya/Documents/butterfly/New Unity Project/Library/PackageCache/com.unity.visualscripting@1.6.1/Editor/VisualScripting.Core/Dependencies/DotNetZip/Unity.VisualScripting.IonicZip.dll
Native extension for OSXStandalone target not found
Refreshing native plugins compatible for Editor in 0.67 ms, found 2 plugins.
Preloading 0 native plugins for Editor in 0.00 ms.
Mono: successfully reloaded assembly
- Completed reload, in  2.116 seconds
Platform modules already initialized, skipping
Refreshing native plugins compatible for Editor in 0.71 ms, found 2 plugins.
Preloading 0 native plugins for Editor in 0.00 ms.
Unloading 3367 Unused Serialized files (Serialized files now loaded: 0)
System memory in use before: 210.1 MB.
System memory in use after: 210.2 MB.

Unloading 16 unused Assets to reduce memory usage. Loaded Objects now: 3841.
Total: 1.853292 ms (FindLiveObjects: 0.151125 ms CreateObjectMapping: 0.076417 ms MarkObjects: 1.533000 ms  DeleteObjects: 0.091959 ms)

========================================================================
Received Import Request.
  Time since last request: 45.773976 seconds.
  path: Assets/Scenes/GameSystem.cs
  artifactKey: Guid(40c8e801574694b739fccfc75691517d) Importer(815301076,1909f56bfc062723c751e8b465ee728b)
Start importing Assets/Scenes/GameSystem.cs using Guid(40c8e801574694b739fccfc75691517d) Importer(815301076,1909f56bfc062723c751e8b465ee728b)  -> (artifact id: 'fba8dacf01b88649de4b3d15e2331c87') in 0.007948 seconds 
========================================================================
Received Import Request.
  Time since last request: 42.513914 seconds.
  path: Assets/Scenes/Title.unity
  artifactKey: Guid(c583ca93890e24e67aa506e8caccf2e4) Importer(815301076,1909f56bfc062723c751e8b465ee728b)
Start importing Assets/Scenes/Title.unity using Guid(c583ca93890e24e67aa506e8caccf2e4) Importer(815301076,1909f56bfc062723c751e8b465ee728b)  -> (artifact id: 'ab03c487d4bf50b28d30b11acbbb20b1') in 0.024043 seconds 
========================================================================
Received Import Request.
  Time since last request: 22.968443 seconds.
  path: Assets/Scenes/Game.unity
  artifactKey: Guid(fb0df536ecc2e42ceb96f429bd2dc8ee) Importer(815301076,1909f56bfc062723c751e8b465ee728b)
Start importing Assets/Scenes/Game.unity using Guid(fb0df536ecc2e42ceb96f429bd2dc8ee) Importer(815301076,1909f56bfc062723c751e8b465ee728b)  -> (artifact id: '7bd662329ca8387eaf7471d4863a5d4a') in 0.002242 seconds 
========================================================================
Received Import Request.
  Time since last request: 36.969170 seconds.
  path: Assets/Scenes/Title.unity
  artifactKey: Guid(c583ca93890e24e67aa506e8caccf2e4) Importer(815301076,1909f56bfc062723c751e8b465ee728b)
Start importing Assets/Scenes/Title.unity using Guid(c583ca93890e24e67aa506e8caccf2e4) Importer(815301076,1909f56bfc062723c751e8b465ee728b)  -> (artifact id: 'dbc0648682a35cd21cbedcc9671a5497') in 0.003125 seconds 
========================================================================
Received Import Request.
  Time since last request: 14.433163 seconds.
  path: Assets/Scenes/Game.unity
  artifactKey: Guid(fb0df536ecc2e42ceb96f429bd2dc8ee) Importer(815301076,1909f56bfc062723c751e8b465ee728b)
Start importing Assets/Scenes/Game.unity using Guid(fb0df536ecc2e42ceb96f429bd2dc8ee) Importer(815301076,1909f56bfc062723c751e8b465ee728b)  -> (artifact id: '8aa52bf248a30b584d0ede5689892700') in 0.002813 seconds 
========================================================================
Received Prepare
Registering precompiled user dll's ...
Registered in 0.003994 seconds.
Begin MonoManager ReloadAssembly
Symbol file LoadedFromMemory doesn't match image /Users/fumiya/Documents/butterfly/New Unity Project/Library/PackageCache/com.unity.visualscripting@1.6.1/Editor/VisualScripting.Core/Dependencies/YamlDotNet/Unity.VisualScripting.YamlDotNet.dll
Symbol file LoadedFromMemory doesn't match image /Users/fumiya/Documents/butterfly/New Unity Project/Library/PackageCache/com.unity.visualscripting@1.6.1/Editor/VisualScripting.Core/Dependencies/DotNetZip/Unity.VisualScripting.IonicZip.dll
Native extension for OSXStandalone target not found
Refreshing native plugins compatible for Editor in 0.55 ms, found 2 plugins.
Preloading 0 native plugins for Editor in 0.00 ms.
Mono: successfully reloaded assembly
- Completed reload, in  1.993 seconds
Platform modules already initialized, skipping
Refreshing native plugins compatible for Editor in 0.48 ms, found 2 plugins.
Preloading 0 native plugins for Editor in 0.00 ms.
Unloading 3367 Unused Serialized files (Serialized files now loaded: 0)
System memory in use before: 210.3 MB.
System memory in use after: 210.4 MB.

Unloading 16 unused Assets to reduce memory usage. Loaded Objects now: 3845.
Total: 1.630625 ms (FindLiveObjects: 0.133666 ms CreateObjectMapping: 0.070250 ms MarkObjects: 1.331083 ms  DeleteObjects: 0.094708 ms)

========================================================================
Received Prepare
Registering precompiled user dll's ...
Registered in 0.001116 seconds.
Begin MonoManager ReloadAssembly
Symbol file LoadedFromMemory doesn't match image /Users/fumiya/Documents/butterfly/New Unity Project/Library/PackageCache/com.unity.visualscripting@1.6.1/Editor/VisualScripting.Core/Dependencies/YamlDotNet/Unity.VisualScripting.YamlDotNet.dll
Symbol file LoadedFromMemory doesn't match image /Users/fumiya/Documents/butterfly/New Unity Project/Library/PackageCache/com.unity.visualscripting@1.6.1/Editor/VisualScripting.Core/Dependencies/DotNetZip/Unity.VisualScripting.IonicZip.dll
Native extension for OSXStandalone target not found
Refreshing native plugins compatible for Editor in 0.58 ms, found 2 plugins.
Preloading 0 native plugins for Editor in 0.00 ms.
Mono: successfully reloaded assembly
- Completed reload, in  1.962 seconds
Platform modules already initialized, skipping
Refreshing native plugins compatible for Editor in 0.74 ms, found 2 plugins.
Preloading 0 native plugins for Editor in 0.00 ms.
Unloading 3367 Unused Serialized files (Serialized files now loaded: 0)
System memory in use before: 210.5 MB.
System memory in use after: 210.6 MB.

Unloading 16 unused Assets to reduce memory usage. Loaded Objects now: 3849.
Total: 1.716708 ms (FindLiveObjects: 0.155958 ms CreateObjectMapping: 0.074583 ms MarkObjects: 1.393958 ms  DeleteObjects: 0.091416 ms)

========================================================================
Received Prepare
Registering precompiled user dll's ...
Registered in 0.003501 seconds.
Begin MonoManager ReloadAssembly
Symbol file LoadedFromMemory doesn't match image /Users/fumiya/Documents/butterfly/New Unity Project/Library/PackageCache/com.unity.visualscripting@1.6.1/Editor/VisualScripting.Core/Dependencies/YamlDotNet/Unity.VisualScripting.YamlDotNet.dll
Symbol file LoadedFromMemory doesn't match image /Users/fumiya/Documents/butterfly/New Unity Project/Library/PackageCache/com.unity.visualscripting@1.6.1/Editor/VisualScripting.Core/Dependencies/DotNetZip/Unity.VisualScripting.IonicZip.dll
Native extension for OSXStandalone target not found
Refreshing native plugins compatible for Editor in 0.59 ms, found 2 plugins.
Preloading 0 native plugins for Editor in 0.00 ms.
Mono: successfully reloaded assembly
- Completed reload, in  2.009 seconds
Platform modules already initialized, skipping
Refreshing native plugins compatible for Editor in 0.71 ms, found 2 plugins.
Preloading 0 native plugins for Editor in 0.00 ms.
Unloading 3367 Unused Serialized files (Serialized files now loaded: 0)
System memory in use before: 210.7 MB.
System memory in use after: 210.8 MB.

Unloading 16 unused Assets to reduce memory usage. Loaded Objects now: 3853.
Total: 1.684291 ms (FindLiveObjects: 0.136375 ms CreateObjectMapping: 0.075625 ms MarkObjects: 1.383792 ms  DeleteObjects: 0.087500 ms)

========================================================================
Received Prepare
Registering precompiled user dll's ...
Registered in 0.001374 seconds.
Begin MonoManager ReloadAssembly
Symbol file LoadedFromMemory doesn't match image /Users/fumiya/Documents/butterfly/New Unity Project/Library/PackageCache/com.unity.visualscripting@1.6.1/Editor/VisualScripting.Core/Dependencies/YamlDotNet/Unity.VisualScripting.YamlDotNet.dll
Symbol file LoadedFromMemory doesn't match image /Users/fumiya/Documents/butterfly/New Unity Project/Library/PackageCache/com.unity.visualscripting@1.6.1/Editor/VisualScripting.Core/Dependencies/DotNetZip/Unity.VisualScripting.IonicZip.dll
Native extension for OSXStandalone target not found
Refreshing native plugins compatible for Editor in 0.62 ms, found 2 plugins.
Preloading 0 native plugins for Editor in 0.00 ms.
Mono: successfully reloaded assembly
- Completed reload, in  1.931 seconds
Platform modules already initialized, skipping
Refreshing native plugins compatible for Editor in 0.55 ms, found 2 plugins.
Preloading 0 native plugins for Editor in 0.00 ms.
Unloading 3367 Unused Serialized files (Serialized files now loaded: 0)
System memory in use before: 211.0 MB.
System memory in use after: 211.1 MB.

Unloading 16 unused Assets to reduce memory usage. Loaded Objects now: 3857.
Total: 1.624667 ms (FindLiveObjects: 0.133834 ms CreateObjectMapping: 0.076250 ms MarkObjects: 1.331417 ms  DeleteObjects: 0.082417 ms)

========================================================================
Received Prepare
Registering precompiled user dll's ...
Registered in 0.001151 seconds.
Begin MonoManager ReloadAssembly
Symbol file LoadedFromMemory doesn't match image /Users/fumiya/Documents/butterfly/New Unity Project/Library/PackageCache/com.unity.visualscripting@1.6.1/Editor/VisualScripting.Core/Dependencies/YamlDotNet/Unity.VisualScripting.YamlDotNet.dll
Symbol file LoadedFromMemory doesn't match image /Users/fumiya/Documents/butterfly/New Unity Project/Library/PackageCache/com.unity.visualscripting@1.6.1/Editor/VisualScripting.Core/Dependencies/DotNetZip/Unity.VisualScripting.IonicZip.dll
Native extension for OSXStandalone target not found
Refreshing native plugins compatible for Editor in 0.62 ms, found 2 plugins.
Preloading 0 native plugins for Editor in 0.00 ms.
Mono: successfully reloaded assembly
- Completed reload, in  1.896 seconds
Platform modules already initialized, skipping
Refreshing native plugins compatible for Editor in 0.66 ms, found 2 plugins.
Preloading 0 native plugins for Editor in 0.00 ms.
Unloading 3367 Unused Serialized files (Serialized files now loaded: 0)
System memory in use before: 211.2 MB.
System memory in use after: 211.3 MB.

Unloading 16 unused Assets to reduce memory usage. Loaded Objects now: 3861.
Total: 1.678042 ms (FindLiveObjects: 0.153125 ms CreateObjectMapping: 0.073750 ms MarkObjects: 1.364000 ms  DeleteObjects: 0.086000 ms)

